#-----------------------------------------------------------
# Vivado v2019.1 (64-bit)
# SW Build 2552052 on Fri May 24 14:49:42 MDT 2019
# IP Build 2548770 on Fri May 24 18:01:18 MDT 2019
# Start of session at: Fri Sep 13 10:51:34 2019
# Process ID: 14184
# Current directory: C:/Repos/robots/I2C QuadratureDecoder
# Command line: vivado.exe -gui_launcher_event rodinguilauncherevent3892 C:\Repos\robots\I2C QuadratureDecoder\I2C QuadratureDecoder.xpr
# Log file: C:/Repos/robots/I2C QuadratureDecoder/vivado.log
# Journal file: C:/Repos/robots/I2C QuadratureDecoder\vivado.jou
#-----------------------------------------------------------
start_gui
open_project {C:/Repos/robots/I2C QuadratureDecoder/I2C QuadratureDecoder.xpr}
Scanning sources...
Finished scanning sources
INFO: [IP_Flow 19-234] Refreshing IP repositories
INFO: [IP_Flow 19-1704] No user IP repositories specified
INFO: [IP_Flow 19-2313] Loaded Vivado IP repository 'C:/Xilinx/Vivado/2019.1/data/ip'.
open_project: Time (s): cpu = 00:00:21 ; elapsed = 00:00:10 . Memory (MB): peak = 733.223 ; gain = 89.430
update_compile_order -fileset sources_1
exit
INFO: [Common 17-206] Exiting Vivado at Sun Sep 15 21:38:17 2019...
