#-----------------------------------------------------------
# Vivado v2019.1 (64-bit)
# SW Build 2552052 on Fri May 24 14:49:42 MDT 2019
# IP Build 2548770 on Fri May 24 18:01:18 MDT 2019
# Start of session at: Wed Sep 11 18:08:19 2019
# Process ID: 16352
# Current directory: C:/Repos/robots/I2C QuadratureDecoder
# Command line: vivado.exe -gui_launcher_event rodinguilauncherevent16320 C:\Repos\robots\I2C QuadratureDecoder\I2C QuadratureDecoder.xpr
# Log file: C:/Repos/robots/I2C QuadratureDecoder/vivado.log
# Journal file: C:/Repos/robots/I2C QuadratureDecoder\vivado.jou
#-----------------------------------------------------------
start_gui
open_project {C:/Repos/robots/I2C QuadratureDecoder/I2C QuadratureDecoder.xpr}
Scanning sources...
Finished scanning sources
INFO: [IP_Flow 19-234] Refreshing IP repositories
INFO: [IP_Flow 19-1704] No user IP repositories specified
INFO: [IP_Flow 19-2313] Loaded Vivado IP repository 'C:/Xilinx/Vivado/2019.1/data/ip'.
open_project: Time (s): cpu = 00:00:20 ; elapsed = 00:00:09 . Memory (MB): peak = 724.781 ; gain = 122.090
update_compile_order -fileset sources_1
exit
INFO: [Common 17-206] Exiting Vivado at Wed Sep 11 18:14:43 2019...
