#-----------------------------------------------------------
# Vivado v2019.1 (64-bit)
# SW Build 2552052 on Fri May 24 14:49:42 MDT 2019
# IP Build 2548770 on Fri May 24 18:01:18 MDT 2019
# Start of session at: Fri Sep 20 12:54:07 2019
# Process ID: 22508
# Current directory: C:/Repos/robots/CMOD_A7/I2C QuadratureDecoder
# Command line: vivado.exe -gui_launcher_event rodinguilauncherevent19260 C:\Repos\robots\CMOD_A7\I2C QuadratureDecoder\I2C QuadratureDecoder.xpr
# Log file: C:/Repos/robots/CMOD_A7/I2C QuadratureDecoder/vivado.log
# Journal file: C:/Repos/robots/CMOD_A7/I2C QuadratureDecoder\vivado.jou
#-----------------------------------------------------------
start_gui
open_project {C:/Repos/robots/CMOD_A7/I2C QuadratureDecoder/I2C QuadratureDecoder.xpr}
Scanning sources...
Finished scanning sources
INFO: [IP_Flow 19-234] Refreshing IP repositories
INFO: [IP_Flow 19-1704] No user IP repositories specified
INFO: [IP_Flow 19-2313] Loaded Vivado IP repository 'C:/Xilinx/Vivado/2019.1/data/ip'.
open_project: Time (s): cpu = 00:00:15 ; elapsed = 00:00:07 . Memory (MB): peak = 716.438 ; gain = 61.527
update_compile_order -fileset sources_1
exit
INFO: [Common 17-206] Exiting Vivado at Fri Sep 20 12:57:29 2019...
