#-----------------------------------------------------------
# Vivado v2019.1 (64-bit)
# SW Build 2552052 on Fri May 24 14:49:42 MDT 2019
# IP Build 2548770 on Fri May 24 18:01:18 MDT 2019
# Start of session at: Fri Sep 20 13:16:55 2019
# Process ID: 7568
# Current directory: C:/Repos/External test Repo/I2C QuadratureDecoder
# Command line: vivado.exe -gui_launcher_event rodinguilauncherevent19744 C:\Repos\External test Repo\I2C QuadratureDecoder\I2C QuadratureDecoder.xpr
# Log file: C:/Repos/External test Repo/I2C QuadratureDecoder/vivado.log
# Journal file: C:/Repos/External test Repo/I2C QuadratureDecoder\vivado.jou
#-----------------------------------------------------------
start_gui
open_project {C:/Repos/External test Repo/I2C QuadratureDecoder/I2C QuadratureDecoder.xpr}
INFO: [Project 1-313] Project file moved from 'C:/Repos/robots/CMOD_A7/I2C QuadratureDecoder' since last save.
Scanning sources...
Finished scanning sources
INFO: [IP_Flow 19-234] Refreshing IP repositories
INFO: [IP_Flow 19-1704] No user IP repositories specified
INFO: [IP_Flow 19-2313] Loaded Vivado IP repository 'C:/Xilinx/Vivado/2019.1/data/ip'.
open_project: Time (s): cpu = 00:00:14 ; elapsed = 00:00:06 . Memory (MB): peak = 732.055 ; gain = 79.559
update_compile_order -fileset sources_1
launch_runs synth_1 -jobs 2
[Fri Sep 20 13:19:23 2019] Launched synth_1...
Run output will be captured here: C:/Repos/External test Repo/I2C QuadratureDecoder/I2C QuadratureDecoder.runs/synth_1/runme.log
reset_run synth_1
launch_runs synth_1 -jobs 2
[Fri Sep 20 15:33:19 2019] Launched synth_1...
Run output will be captured here: C:/Repos/External test Repo/I2C QuadratureDecoder/I2C QuadratureDecoder.runs/synth_1/runme.log
reset_run synth_1
launch_runs synth_1 -jobs 2
[Fri Sep 20 15:34:45 2019] Launched synth_1...
Run output will be captured here: C:/Repos/External test Repo/I2C QuadratureDecoder/I2C QuadratureDecoder.runs/synth_1/runme.log
reset_run synth_1
launch_runs synth_1 -jobs 2
[Fri Sep 20 15:37:26 2019] Launched synth_1...
Run output will be captured here: C:/Repos/External test Repo/I2C QuadratureDecoder/I2C QuadratureDecoder.runs/synth_1/runme.log
reset_run synth_1
launch_runs synth_1 -jobs 2
[Fri Sep 20 15:45:26 2019] Launched synth_1...
Run output will be captured here: C:/Repos/External test Repo/I2C QuadratureDecoder/I2C QuadratureDecoder.runs/synth_1/runme.log
reset_run synth_1
launch_runs synth_1 -jobs 2
[Fri Sep 20 15:47:19 2019] Launched synth_1...
Run output will be captured here: C:/Repos/External test Repo/I2C QuadratureDecoder/I2C QuadratureDecoder.runs/synth_1/runme.log
reset_run synth_1
launch_runs synth_1 -jobs 2
[Fri Sep 20 15:50:58 2019] Launched synth_1...
Run output will be captured here: C:/Repos/External test Repo/I2C QuadratureDecoder/I2C QuadratureDecoder.runs/synth_1/runme.log
reset_run synth_1
launch_runs synth_1 -jobs 2
[Fri Sep 20 15:53:54 2019] Launched synth_1...
Run output will be captured here: C:/Repos/External test Repo/I2C QuadratureDecoder/I2C QuadratureDecoder.runs/synth_1/runme.log
reset_run synth_1
launch_runs synth_1 -jobs 2
[Fri Sep 20 15:56:57 2019] Launched synth_1...
Run output will be captured here: C:/Repos/External test Repo/I2C QuadratureDecoder/I2C QuadratureDecoder.runs/synth_1/runme.log
reset_run synth_1
launch_runs synth_1 -jobs 2
[Fri Sep 20 15:58:06 2019] Launched synth_1...
Run output will be captured here: C:/Repos/External test Repo/I2C QuadratureDecoder/I2C QuadratureDecoder.runs/synth_1/runme.log
